<?xml version="1.0" encoding="UTF-8"?>
<!-- Generated by org.testng.reporters.JUnitReportReporter -->
<testsuite skipped="0" hostname="DESKTOP-3IDHVFP" name="pack1.OpenBrowser" tests="1" failures="0" timestamp="2019-09-14T12:26:05 EDT" time="7.693" errors="0">
  <testcase name="openbrowser" time="7.693" classname="pack1.OpenBrowser"/>
</testsuite> <!-- pack1.OpenBrowser -->
